{"/Volumes/Foo 1/dev/base-configuration/base-ui-configuration/src/common/components/Loader/Loader.jsx": {"path":"/Volumes/Foo 1/dev/base-configuration/base-ui-configuration/src/common/components/Loader/Loader.jsx","statementMap":{"0":{"start":{"line":6,"column":2},"end":{"line":10,"column":4}}},"fnMap":{"0":{"name":"(anonymous_0)","decl":{"start":{"line":5,"column":15},"end":{"line":5,"column":16}},"loc":{"start":{"line":5,"column":34},"end":{"line":11,"column":1}},"line":5}},"branchMap":{"0":{"loc":{"start":{"line":7,"column":41},"end":{"line":7,"column":56}},"type":"binary-expr","locations":[{"start":{"line":7,"column":41},"end":{"line":7,"column":50}},{"start":{"line":7,"column":54},"end":{"line":7,"column":56}}],"line":7}},"s":{"0":2},"f":{"0":2},"b":{"0":[2,2]},"_coverageSchema":"1a1c01bbd47fc00a2c39e90264f33305004495a9","hash":"1e1164924bc084477013203e132da607ae75ed10"}
,"/Volumes/Foo 1/dev/base-configuration/base-ui-configuration/src/common/components/Loader/index.jsx": {"path":"/Volumes/Foo 1/dev/base-configuration/base-ui-configuration/src/common/components/Loader/index.jsx","statementMap":{"0":{"start":{"line":4,"column":26},"end":{"line":4,"column":47}}},"fnMap":{"0":{"name":"(anonymous_0)","decl":{"start":{"line":4,"column":15},"end":{"line":4,"column":16}},"loc":{"start":{"line":4,"column":26},"end":{"line":4,"column":47}},"line":4}},"branchMap":{},"s":{"0":2},"f":{"0":2},"b":{},"_coverageSchema":"1a1c01bbd47fc00a2c39e90264f33305004495a9","hash":"9e6031e4e1c39976db2beef8ab0ed921a47b1bbb"}
,"/Volumes/Foo 1/dev/base-configuration/base-ui-configuration/src/common/http/index.js": {"path":"/Volumes/Foo 1/dev/base-configuration/base-ui-configuration/src/common/http/index.js","statementMap":{"0":{"start":{"line":3,"column":34},"end":{"line":3,"column":39}},"1":{"start":{"line":5,"column":20},"end":{"line":5,"column":44}},"2":{"start":{"line":7,"column":27},"end":{"line":11,"column":5}},"3":{"start":{"line":13,"column":4},"end":{"line":15,"column":6}},"4":{"start":{"line":14,"column":6},"end":{"line":14,"column":21}}},"fnMap":{"0":{"name":"(anonymous_0)","decl":{"start":{"line":2,"column":2},"end":{"line":2,"column":3}},"loc":{"start":{"line":2,"column":15},"end":{"line":16,"column":3}},"line":2},"1":{"name":"(anonymous_1)","decl":{"start":{"line":13,"column":53},"end":{"line":13,"column":54}},"loc":{"start":{"line":14,"column":6},"end":{"line":14,"column":21}},"line":14}},"branchMap":{},"s":{"0":0,"1":0,"2":0,"3":0,"4":0},"f":{"0":0,"1":0},"b":{},"_coverageSchema":"1a1c01bbd47fc00a2c39e90264f33305004495a9","hash":"38bad7cca726a62690b288d4914c3b02353376d4"}
,"/Volumes/Foo 1/dev/base-configuration/base-ui-configuration/src/components/AppContainer/index.jsx": {"path":"/Volumes/Foo 1/dev/base-configuration/base-ui-configuration/src/components/AppContainer/index.jsx","statementMap":{"0":{"start":{"line":7,"column":18},"end":{"line":7,"column":43}},"1":{"start":{"line":9,"column":2},"end":{"line":14,"column":4}}},"fnMap":{"0":{"name":"(anonymous_0)","decl":{"start":{"line":6,"column":15},"end":{"line":6,"column":16}},"loc":{"start":{"line":6,"column":21},"end":{"line":15,"column":1}},"line":6}},"branchMap":{},"s":{"0":2,"1":2},"f":{"0":2},"b":{},"_coverageSchema":"1a1c01bbd47fc00a2c39e90264f33305004495a9","hash":"1f56eae302b58508cf5ecfb29fe7fbf8ebb90df1"}
,"/Volumes/Foo 1/dev/base-configuration/base-ui-configuration/src/components/AppContainer/styles.js": {"path":"/Volumes/Foo 1/dev/base-configuration/base-ui-configuration/src/components/AppContainer/styles.js","statementMap":{},"fnMap":{},"branchMap":{},"s":{},"f":{},"b":{},"_coverageSchema":"1a1c01bbd47fc00a2c39e90264f33305004495a9","hash":"86cfe407fd96cdd1a9e179fe8adf6a99331bdf44"}
,"/Volumes/Foo 1/dev/base-configuration/base-ui-configuration/src/components/TestComponent1/index.jsx": {"path":"/Volumes/Foo 1/dev/base-configuration/base-ui-configuration/src/components/TestComponent1/index.jsx","statementMap":{"0":{"start":{"line":8,"column":18},"end":{"line":8,"column":43}},"1":{"start":{"line":10,"column":34},"end":{"line":10,"column":48}},"2":{"start":{"line":12,"column":2},"end":{"line":25,"column":9}},"3":{"start":{"line":13,"column":4},"end":{"line":24,"column":13}},"4":{"start":{"line":14,"column":6},"end":{"line":23,"column":11}},"5":{"start":{"line":20,"column":10},"end":{"line":20,"column":36}},"6":{"start":{"line":22,"column":10},"end":{"line":22,"column":44}},"7":{"start":{"line":27,"column":2},"end":{"line":32,"column":4}}},"fnMap":{"0":{"name":"(anonymous_0)","decl":{"start":{"line":7,"column":15},"end":{"line":7,"column":16}},"loc":{"start":{"line":7,"column":26},"end":{"line":33,"column":1}},"line":7},"1":{"name":"(anonymous_1)","decl":{"start":{"line":12,"column":12},"end":{"line":12,"column":13}},"loc":{"start":{"line":12,"column":18},"end":{"line":25,"column":3}},"line":12},"2":{"name":"(anonymous_2)","decl":{"start":{"line":13,"column":15},"end":{"line":13,"column":16}},"loc":{"start":{"line":13,"column":21},"end":{"line":24,"column":5}},"line":13},"3":{"name":"(anonymous_3)","decl":{"start":{"line":19,"column":14},"end":{"line":19,"column":15}},"loc":{"start":{"line":19,"column":24},"end":{"line":23,"column":9}},"line":19}},"branchMap":{"0":{"loc":{"start":{"line":30,"column":7},"end":{"line":30,"column":55}},"type":"cond-expr","locations":[{"start":{"line":30,"column":19},"end":{"line":30,"column":29}},{"start":{"line":30,"column":32},"end":{"line":30,"column":55}}],"line":30}},"s":{"0":2,"1":2,"2":2,"3":2,"4":0,"5":0,"6":0,"7":2},"f":{"0":2,"1":2,"2":0,"3":0},"b":{"0":[2,0]},"_coverageSchema":"1a1c01bbd47fc00a2c39e90264f33305004495a9","hash":"a0836bb35b94bfb8fe5ceb4672ecea6db08adbf0"}
,"/Volumes/Foo 1/dev/base-configuration/base-ui-configuration/src/components/TestComponent1/styles.js": {"path":"/Volumes/Foo 1/dev/base-configuration/base-ui-configuration/src/components/TestComponent1/styles.js","statementMap":{},"fnMap":{},"branchMap":{},"s":{},"f":{},"b":{},"_coverageSchema":"1a1c01bbd47fc00a2c39e90264f33305004495a9","hash":"813f77554fa9ae54b4679c2d9a02e39655b67dcf"}
,"/Volumes/Foo 1/dev/base-configuration/base-ui-configuration/src/styles/font-face.styles.js": {"path":"/Volumes/Foo 1/dev/base-configuration/base-ui-configuration/src/styles/font-face.styles.js","statementMap":{},"fnMap":{},"branchMap":{},"s":{},"f":{},"b":{},"_coverageSchema":"1a1c01bbd47fc00a2c39e90264f33305004495a9","hash":"e16939766154f263ff653f133041c1e14d999b82"}
,"/Volumes/Foo 1/dev/base-configuration/base-ui-configuration/src/styles/global.styles.js": {"path":"/Volumes/Foo 1/dev/base-configuration/base-ui-configuration/src/styles/global.styles.js","statementMap":{},"fnMap":{},"branchMap":{},"s":{},"f":{},"b":{},"_coverageSchema":"1a1c01bbd47fc00a2c39e90264f33305004495a9","hash":"d230ecbde2c99e84b7fbacabc680af5a1c085263"}
}
